# JRE version: 7.0_10-b18
# Java VM: Java HotSpot(TM) 64-Bit Server VM (23.6-b04 mixed mode windows-amd64 compressed oops)
Heap
 PSYoungGen      total 516544K, used 128K [0x00000000e0760000, 0x0000000100000000, 0x0000000100000000)
  eden space 516352K, 0% used [0x00000000e0760000,0x00000000e0760000,0x00000000fffa0000)
  from space 192K, 66% used [0x00000000fffd0000,0x00000000ffff0000,0x0000000100000000)
  to   space 192K, 0% used [0x00000000fffa0000,0x00000000fffa0000,0x00000000fffd0000)
 ParOldGen       total 64576K, used 3917K [0x00000000a1600000, 0x00000000a5510000, 0x00000000e0760000)
  object space 64576K, 6% used [0x00000000a1600000,0x00000000a19d3668,0x00000000a5510000)
 PSPermGen       total 21248K, used 8717K [0x000000009c400000, 0x000000009d8c0000, 0x00000000a1600000)
  object space 21248K, 41% used [0x000000009c400000,0x000000009cc837b0,0x000000009d8c0000)
GC Heap History (10 events):
Event: 116.788 GC heap before
{Heap before GC invocations=5417 (full 2580):
 PSYoungGen      total 516544K, used 30981K [0x00000000e0760000, 0x0000000100000000, 0x0000000100000000)
  eden space 516352K, 6% used [0x00000000e0760000,0x00000000e25a1480,0x00000000fffa0000)
  from space 192K, 0% used [0x00000000fffd0000,0x00000000fffd0000,0x0000000100000000)
  to   space 192K, 0% used [0x00000000fffa0000,0x00000000fffa0000,0x00000000fffd0000)
 ParOldGen       total 64576K, used 3916K [0x00000000a1600000, 0x00000000a5510000, 0x00000000e0760000)
  object space 64576K, 6% used [0x00000000a1600000,0x00000000a19d3238,0x00000000a5510000)
 PSPermGen       total 21248K, used 8717K [0x000000009c400000, 0x000000009d8c0000, 0x00000000a1600000)
  object space 21248K, 41% used [0x000000009c400000,0x000000009cc837b0,0x000000009d8c0000)
Event: 116.788 GC heap after
Heap after GC invocations=5417 (full 2580):
 PSYoungGen      total 516544K, used 96K [0x00000000e0760000, 0x0000000100000000, 0x0000000100000000)
  eden space 516352K, 0% used [0x00000000e0760000,0x00000000e0760000,0x00000000fffa0000)
  from space 192K, 50% used [0x00000000fffa0000,0x00000000fffb8000,0x00000000fffd0000)
  to   space 192K, 0% used [0x00000000fffd0000,0x00000000fffd0000,0x0000000100000000)
 ParOldGen       total 64576K, used 3916K [0x00000000a1600000, 0x00000000a5510000, 0x00000000e0760000)
  object space 64576K, 6% used [0x00000000a1600000,0x00000000a19d3238,0x00000000a5510000)
 PSPermGen       total 21248K, used 8717K [0x000000009c400000, 0x000000009d8c0000, 0x00000000a1600000)
  object space 21248K, 41% used [0x000000009c400000,0x000000009cc837b0,0x000000009d8c0000)
}
Event: 116.831 GC heap before
{Heap before GC invocations=5418 (full 2580):
 PSYoungGen      total 516544K, used 31077K [0x00000000e0760000, 0x0000000100000000, 0x0000000100000000)
  eden space 516352K, 6% used [0x00000000e0760000,0x00000000e25a1480,0x00000000fffa0000)
  from space 192K, 50% used [0x00000000fffa0000,0x00000000fffb8000,0x00000000fffd0000)
  to   space 192K, 0% used [0x00000000fffd0000,0x00000000fffd0000,0x0000000100000000)
 ParOldGen       total 64576K, used 3916K [0x00000000a1600000, 0x00000000a5510000, 0x00000000e0760000)
  object space 64576K, 6% used [0x00000000a1600000,0x00000000a19d3238,0x00000000a5510000)
 PSPermGen       total 21248K, used 8717K [0x000000009c400000, 0x000000009d8c0000, 0x00000000a1600000)
  object space 21248K, 41% used [0x000000009c400000,0x000000009cc837b0,0x000000009d8c0000)
Event: 116.852 GC heap after
Heap after GC invocations=5418 (full 2580):
 PSYoungGen      total 516544K, used 96K [0x00000000e0760000, 0x0000000100000000, 0x0000000100000000)
  eden space 516352K, 0% used [0x00000000e0760000,0x00000000e0760000,0x00000000fffa0000)
  from space 192K, 50% used [0x00000000fffd0000,0x00000000fffe8000,0x0000000100000000)
  to   space 192K, 0% used [0x00000000fffa0000,0x00000000fffa0000,0x00000000fffd0000)
 ParOldGen       total 64576K, used 3924K [0x00000000a1600000, 0x00000000a5510000, 0x00000000e0760000)
  object space 64576K, 6% used [0x00000000a1600000,0x00000000a19d5238,0x00000000a5510000)
 PSPermGen       total 21248K, used 8717K [0x000000009c400000, 0x000000009d8c0000, 0x00000000a1600000)
  object space 21248K, 41% used [0x000000009c400000,0x000000009cc837b0,0x000000009d8c0000)
}
Event: 116.852 GC heap before
{Heap before GC invocations=5419 (full 2581):
 PSYoungGen      total 516544K, used 96K [0x00000000e0760000, 0x0000000100000000, 0x0000000100000000)
  eden space 516352K, 0% used [0x00000000e0760000,0x00000000e0760000,0x00000000fffa0000)
  from space 192K, 50% used [0x00000000fffd0000,0x00000000fffe8000,0x0000000100000000)
  to   space 192K, 0% used [0x00000000fffa0000,0x00000000fffa0000,0x00000000fffd0000)
 ParOldGen       total 64576K, used 3924K [0x00000000a1600000, 0x00000000a5510000, 0x00000000e0760000)
  object space 64576K, 6% used [0x00000000a1600000,0x00000000a19d5238,0x00000000a5510000)
 PSPermGen       total 21248K, used 8717K [0x000000009c400000, 0x000000009d8c0000, 0x00000000a1600000)
  object space 21248K, 41% used [0x000000009c400000,0x000000009cc837b0,0x000000009d8c0000)
Event: 116.866 GC heap after
Heap after GC invocations=5419 (full 2581):
 PSYoungGen      total 516544K, used 0K [0x00000000e0760000, 0x0000000100000000, 0x0000000100000000)
  eden space 516352K, 0% used [0x00000000e0760000,0x00000000e0760000,0x00000000fffa0000)
  from space 192K, 0% used [0x00000000fffd0000,0x00000000fffd0000,0x0000000100000000)
  to   space 192K, 0% used [0x00000000fffa0000,0x00000000fffa0000,0x00000000fffd0000)
 ParOldGen       total 64576K, used 3917K [0x00000000a1600000, 0x00000000a5510000, 0x00000000e0760000)
  object space 64576K, 6% used [0x00000000a1600000,0x00000000a19d3448,0x00000000a5510000)
 PSPermGen       total 21248K, used 8717K [0x000000009c400000, 0x000000009d8c0000, 0x00000000a1600000)
  object space 21248K, 41% used [0x000000009c400000,0x000000009cc837b0,0x000000009d8c0000)
}
Event: 116.876 GC heap before
{Heap before GC invocations=5420 (full 2581):
 PSYoungGen      total 516544K, used 25817K [0x00000000e0760000, 0x0000000100000000, 0x0000000100000000)
  eden space 516352K, 5% used [0x00000000e0760000,0x00000000e2096668,0x00000000fffa0000)
  from space 192K, 0% used [0x00000000fffd0000,0x00000000fffd0000,0x0000000100000000)
  to   space 192K, 0% used [0x00000000fffa0000,0x00000000fffa0000,0x00000000fffd0000)
 ParOldGen       total 64576K, used 3917K [0x00000000a1600000, 0x00000000a5510000, 0x00000000e0760000)
  object space 64576K, 6% used [0x00000000a1600000,0x00000000a19d3448,0x00000000a5510000)
 PSPermGen       total 21248K, used 8717K [0x000000009c400000, 0x000000009d8c0000, 0x00000000a1600000)
  object space 21248K, 41% used [0x000000009c400000,0x000000009cc837b0,0x000000009d8c0000)
Event: 116.894 GC heap after
Heap after GC invocations=5420 (full 2581):
 PSYoungGen      total 516544K, used 128K [0x00000000e0760000, 0x0000000100000000, 0x0000000100000000)
  eden space 516352K, 0% used [0x00000000e0760000,0x00000000e0760000,0x00000000fffa0000)
  from space 192K, 66% used [0x00000000fffa0000,0x00000000fffc0000,0x00000000fffd0000)
  to   space 192K, 0% used [0x00000000fffd0000,0x00000000fffd0000,0x0000000100000000)
 ParOldGen       total 64576K, used 3917K [0x00000000a1600000, 0x00000000a5510000, 0x00000000e0760000)
  object space 64576K, 6% used [0x00000000a1600000,0x00000000a19d3448,0x00000000a5510000)
 PSPermGen       total 21248K, used 8717K [0x000000009c400000, 0x000000009d8c0000, 0x00000000a1600000)
  object space 21248K, 41% used [0x000000009c400000,0x000000009cc837b0,0x000000009d8c0000)
}
Event: 116.894 GC heap before
{Heap before GC invocations=5421 (full 2582):
 PSYoungGen      total 516544K, used 128K [0x00000000e0760000, 0x0000000100000000, 0x0000000100000000)
  eden space 516352K, 0% used [0x00000000e0760000,0x00000000e0760000,0x00000000fffa0000)
  from space 192K, 66% used [0x00000000fffa0000,0x00000000fffc0000,0x00000000fffd0000)
  to   space 192K, 0% used [0x00000000fffd0000,0x00000000fffd0000,0x0000000100000000)
 ParOldGen       total 64576K, used 3917K [0x00000000a1600000, 0x00000000a5510000, 0x00000000e0760000)
  object space 64576K, 6% used [0x00000000a1600000,0x00000000a19d3448,0x00000000a5510000)
 PSPermGen       total 21248K, used 8717K [0x000000009c400000, 0x000000009d8c0000, 0x00000000a1600000)
  object space 21248K, 41% used [0x000000009c400000,0x000000009cc837b0,0x000000009d8c0000)
Event: 116.908 GC heap after
Heap after GC invocations=5421 (full 2582):
 PSYoungGen      total 516544K, used 0K [0x00000000e0760000, 0x0000000100000000, 0x0000000100000000)
  eden space 516352K, 0% used [0x00000000e0760000,0x00000000e0760000,0x00000000fffa0000)
  from space 192K, 0% used [0x00000000fffa0000,0x00000000fffa0000,0x00000000fffd0000)
  to   space 192K, 0% used [0x00000000fffd0000,0x00000000fffd0000,0x0000000100000000)
 ParOldGen       total 64576K, used 3916K [0x00000000a1600000, 0x00000000a5510000, 0x00000000e0760000)
  object space 64576K, 6% used [0x00000000a1600000,0x00000000a19d33c8,0x00000000a5510000)
 PSPermGen       total 21248K, used 8717K [0x000000009c400000, 0x000000009d8c0000, 0x00000000a1600000)
  object space 21248K, 41% used [0x000000009c400000,0x000000009cc837b0,0x000000009d8c0000)
}

