# JRE version: 7.0_10-b18
# Java VM: Java HotSpot(TM) 64-Bit Server VM (23.6-b04 mixed mode windows-amd64 compressed oops)
Heap
 PSYoungGen      total 516480K, used 36135K [0x00000000e0760000, 0x0000000100000000, 0x0000000100000000)
  eden space 516224K, 7% used [0x00000000e0760000,0x00000000e2aa9ec0,0x00000000fff80000)
  from space 256K, 0% used [0x00000000fff80000,0x00000000fff80000,0x00000000fffc0000)
  to   space 256K, 0% used [0x00000000fffc0000,0x00000000fffc0000,0x0000000100000000)
 ParOldGen       total 64576K, used 3978K [0x00000000a1600000, 0x00000000a5510000, 0x00000000e0760000)
  object space 64576K, 6% used [0x00000000a1600000,0x00000000a19e2b70,0x00000000a5510000)
 PSPermGen       total 21248K, used 8906K [0x000000009c400000, 0x000000009d8c0000, 0x00000000a1600000)
  object space 21248K, 41% used [0x000000009c400000,0x000000009ccb2af0,0x000000009d8c0000)
GC Heap History (10 events):
Event: 102.822 GC heap before
{Heap before GC invocations=2449 (full 1211):
 PSYoungGen      total 516352K, used 47149K [0x00000000e0760000, 0x00000000fffe0000, 0x0000000100000000)
  eden space 516224K, 9% used [0x00000000e0760000,0x00000000e356b4e8,0x00000000fff80000)
  from space 128K, 0% used [0x00000000fff80000,0x00000000fff80000,0x00000000fffa0000)
  to   space 192K, 0% used [0x00000000fffb0000,0x00000000fffb0000,0x00000000fffe0000)
 ParOldGen       total 64576K, used 3941K [0x00000000a1600000, 0x00000000a5510000, 0x00000000e0760000)
  object space 64576K, 6% used [0x00000000a1600000,0x00000000a19d97b8,0x00000000a5510000)
 PSPermGen       total 21248K, used 8899K [0x000000009c400000, 0x000000009d8c0000, 0x00000000a1600000)
  object space 21248K, 41% used [0x000000009c400000,0x000000009ccb0f70,0x000000009d8c0000)
Event: 102.823 GC heap after
Heap after GC invocations=2449 (full 1211):
 PSYoungGen      total 516352K, used 160K [0x00000000e0760000, 0x0000000100000000, 0x0000000100000000)
  eden space 516160K, 0% used [0x00000000e0760000,0x00000000e0760000,0x00000000fff70000)
  from space 192K, 83% used [0x00000000fffb0000,0x00000000fffd8000,0x00000000fffe0000)
  to   space 256K, 0% used [0x00000000fff70000,0x00000000fff70000,0x00000000fffb0000)
 ParOldGen       total 64576K, used 3941K [0x00000000a1600000, 0x00000000a5510000, 0x00000000e0760000)
  object space 64576K, 6% used [0x00000000a1600000,0x00000000a19d97b8,0x00000000a5510000)
 PSPermGen       total 21248K, used 8899K [0x000000009c400000, 0x000000009d8c0000, 0x00000000a1600000)
  object space 21248K, 41% used [0x000000009c400000,0x000000009ccb0f70,0x000000009d8c0000)
}
Event: 102.886 GC heap before
{Heap before GC invocations=2450 (full 1211):
 PSYoungGen      total 516352K, used 49367K [0x00000000e0760000, 0x0000000100000000, 0x0000000100000000)
  eden space 516160K, 9% used [0x00000000e0760000,0x00000000e376dfd8,0x00000000fff70000)
  from space 192K, 83% used [0x00000000fffb0000,0x00000000fffd8000,0x00000000fffe0000)
  to   space 256K, 0% used [0x00000000fff70000,0x00000000fff70000,0x00000000fffb0000)
 ParOldGen       total 64576K, used 3941K [0x00000000a1600000, 0x00000000a5510000, 0x00000000e0760000)
  object space 64576K, 6% used [0x00000000a1600000,0x00000000a19d97b8,0x00000000a5510000)
 PSPermGen       total 21248K, used 8899K [0x000000009c400000, 0x000000009d8c0000, 0x00000000a1600000)
  object space 21248K, 41% used [0x000000009c400000,0x000000009ccb0f70,0x000000009d8c0000)
Event: 102.888 GC heap after
Heap after GC invocations=2450 (full 1211):
 PSYoungGen      total 516416K, used 128K [0x00000000e0760000, 0x0000000100000000, 0x0000000100000000)
  eden space 516160K, 0% used [0x00000000e0760000,0x00000000e0760000,0x00000000fff70000)
  from space 256K, 50% used [0x00000000fff70000,0x00000000fff90000,0x00000000fffb0000)
  to   space 192K, 0% used [0x00000000fffd0000,0x00000000fffd0000,0x0000000100000000)
 ParOldGen       total 64576K, used 3957K [0x00000000a1600000, 0x00000000a5510000, 0x00000000e0760000)
  object space 64576K, 6% used [0x00000000a1600000,0x00000000a19dd7b8,0x00000000a5510000)
 PSPermGen       total 21248K, used 8899K [0x000000009c400000, 0x000000009d8c0000, 0x00000000a1600000)
  object space 21248K, 41% used [0x000000009c400000,0x000000009ccb0f70,0x000000009d8c0000)
}
Event: 102.888 GC heap before
{Heap before GC invocations=2451 (full 1212):
 PSYoungGen      total 516416K, used 128K [0x00000000e0760000, 0x0000000100000000, 0x0000000100000000)
  eden space 516160K, 0% used [0x00000000e0760000,0x00000000e0760000,0x00000000fff70000)
  from space 256K, 50% used [0x00000000fff70000,0x00000000fff90000,0x00000000fffb0000)
  to   space 192K, 0% used [0x00000000fffd0000,0x00000000fffd0000,0x0000000100000000)
 ParOldGen       total 64576K, used 3957K [0x00000000a1600000, 0x00000000a5510000, 0x00000000e0760000)
  object space 64576K, 6% used [0x00000000a1600000,0x00000000a19dd7b8,0x00000000a5510000)
 PSPermGen       total 21248K, used 8899K [0x000000009c400000, 0x000000009d8c0000, 0x00000000a1600000)
  object space 21248K, 41% used [0x000000009c400000,0x000000009ccb0f70,0x000000009d8c0000)
Event: 102.903 GC heap after
Heap after GC invocations=2451 (full 1212):
 PSYoungGen      total 516416K, used 0K [0x00000000e0760000, 0x0000000100000000, 0x0000000100000000)
  eden space 516160K, 0% used [0x00000000e0760000,0x00000000e0760000,0x00000000fff70000)
  from space 256K, 0% used [0x00000000fff70000,0x00000000fff70000,0x00000000fffb0000)
  to   space 192K, 0% used [0x00000000fffd0000,0x00000000fffd0000,0x0000000100000000)
 ParOldGen       total 64576K, used 3964K [0x00000000a1600000, 0x00000000a5510000, 0x00000000e0760000)
  object space 64576K, 6% used [0x00000000a1600000,0x00000000a19df250,0x00000000a5510000)
 PSPermGen       total 21248K, used 8899K [0x000000009c400000, 0x000000009d8c0000, 0x00000000a1600000)
  object space 21248K, 41% used [0x000000009c400000,0x000000009ccb0f70,0x000000009d8c0000)
}
Event: 102.947 GC heap before
{Heap before GC invocations=2452 (full 1212):
 PSYoungGen      total 516416K, used 17549K [0x00000000e0760000, 0x0000000100000000, 0x0000000100000000)
  eden space 516160K, 3% used [0x00000000e0760000,0x00000000e1883598,0x00000000fff70000)
  from space 256K, 0% used [0x00000000fff70000,0x00000000fff70000,0x00000000fffb0000)
  to   space 192K, 0% used [0x00000000fffd0000,0x00000000fffd0000,0x0000000100000000)
 ParOldGen       total 64576K, used 3964K [0x00000000a1600000, 0x00000000a5510000, 0x00000000e0760000)
  object space 64576K, 6% used [0x00000000a1600000,0x00000000a19df250,0x00000000a5510000)
 PSPermGen       total 21248K, used 8905K [0x000000009c400000, 0x000000009d8c0000, 0x00000000a1600000)
  object space 21248K, 41% used [0x000000009c400000,0x000000009ccb27f0,0x000000009d8c0000)
Event: 102.949 GC heap after
Heap after GC invocations=2452 (full 1212):
 PSYoungGen      total 516544K, used 96K [0x00000000e0760000, 0x0000000100000000, 0x0000000100000000)
  eden space 516352K, 0% used [0x00000000e0760000,0x00000000e0760000,0x00000000fffa0000)
  from space 192K, 50% used [0x00000000fffd0000,0x00000000fffe8000,0x0000000100000000)
  to   space 192K, 0% used [0x00000000fffa0000,0x00000000fffa0000,0x00000000fffd0000)
 ParOldGen       total 64576K, used 3964K [0x00000000a1600000, 0x00000000a5510000, 0x00000000e0760000)
  object space 64576K, 6% used [0x00000000a1600000,0x00000000a19df250,0x00000000a5510000)
 PSPermGen       total 21248K, used 8905K [0x000000009c400000, 0x000000009d8c0000, 0x00000000a1600000)
  object space 21248K, 41% used [0x000000009c400000,0x000000009ccb27f0,0x000000009d8c0000)
}
Event: 102.949 GC heap before
{Heap before GC invocations=2453 (full 1213):
 PSYoungGen      total 516544K, used 96K [0x00000000e0760000, 0x0000000100000000, 0x0000000100000000)
  eden space 516352K, 0% used [0x00000000e0760000,0x00000000e0760000,0x00000000fffa0000)
  from space 192K, 50% used [0x00000000fffd0000,0x00000000fffe8000,0x0000000100000000)
  to   space 192K, 0% used [0x00000000fffa0000,0x00000000fffa0000,0x00000000fffd0000)
 ParOldGen       total 64576K, used 3964K [0x00000000a1600000, 0x00000000a5510000, 0x00000000e0760000)
  object space 64576K, 6% used [0x00000000a1600000,0x00000000a19df250,0x00000000a5510000)
 PSPermGen       total 21248K, used 8905K [0x000000009c400000, 0x000000009d8c0000, 0x00000000a1600000)
  object space 21248K, 41% used [0x000000009c400000,0x000000009ccb27f0,0x000000009d8c0000)
Event: 102.968 GC heap after
Heap after GC invocations=2453 (full 1213):
 PSYoungGen      total 516544K, used 0K [0x00000000e0760000, 0x0000000100000000, 0x0000000100000000)
  eden space 516352K, 0% used [0x00000000e0760000,0x00000000e0760000,0x00000000fffa0000)
  from space 192K, 0% used [0x00000000fffd0000,0x00000000fffd0000,0x0000000100000000)
  to   space 192K, 0% used [0x00000000fffa0000,0x00000000fffa0000,0x00000000fffd0000)
 ParOldGen       total 64576K, used 3965K [0x00000000a1600000, 0x00000000a5510000, 0x00000000e0760000)
  object space 64576K, 6% used [0x00000000a1600000,0x00000000a19df640,0x00000000a5510000)
 PSPermGen       total 21248K, used 8905K [0x000000009c400000, 0x000000009d8c0000, 0x00000000a1600000)
  object space 21248K, 41% used [0x000000009c400000,0x000000009ccb27f0,0x000000009d8c0000)
}

