# JRE version: 7.0_10-b18
# Java VM: Java HotSpot(TM) 64-Bit Server VM (23.6-b04 mixed mode windows-amd64 compressed oops)
Heap
 PSYoungGen      total 516544K, used 36144K [0x00000000e0760000, 0x0000000100000000, 0x0000000100000000)
  eden space 516352K, 7% used [0x00000000e0760000,0x00000000e2aac2c8,0x00000000fffa0000)
  from space 192K, 0% used [0x00000000fffd0000,0x00000000fffd0000,0x0000000100000000)
  to   space 192K, 0% used [0x00000000fffa0000,0x00000000fffa0000,0x00000000fffd0000)
 ParOldGen       total 64576K, used 3925K [0x00000000a1600000, 0x00000000a5510000, 0x00000000e0760000)
  object space 64576K, 6% used [0x00000000a1600000,0x00000000a19d5600,0x00000000a5510000)
 PSPermGen       total 21248K, used 8628K [0x000000009c400000, 0x000000009d8c0000, 0x00000000a1600000)
  object space 21248K, 40% used [0x000000009c400000,0x000000009cc6d018,0x000000009d8c0000)
GC Heap History (10 events):
Event: 32.178 GC heap before
{Heap before GC invocations=692 (full 324):
 PSYoungGen      total 516544K, used 36144K [0x00000000e0760000, 0x0000000100000000, 0x0000000100000000)
  eden space 516352K, 6% used [0x00000000e0760000,0x00000000e2aac238,0x00000000fffa0000)
  from space 192K, 0% used [0x00000000fffa0000,0x00000000fffa0000,0x00000000fffd0000)
  to   space 192K, 0% used [0x00000000fffd0000,0x00000000fffd0000,0x0000000100000000)
 ParOldGen       total 64576K, used 3905K [0x00000000a1600000, 0x00000000a5510000, 0x00000000e0760000)
  object space 64576K, 6% used [0x00000000a1600000,0x00000000a19d0618,0x00000000a5510000)
 PSPermGen       total 21248K, used 8628K [0x000000009c400000, 0x000000009d8c0000, 0x00000000a1600000)
  object space 21248K, 40% used [0x000000009c400000,0x000000009cc6d018,0x000000009d8c0000)
Event: 32.179 GC heap after
Heap after GC invocations=692 (full 324):
 PSYoungGen      total 516544K, used 96K [0x00000000e0760000, 0x0000000100000000, 0x0000000100000000)
  eden space 516352K, 0% used [0x00000000e0760000,0x00000000e0760000,0x00000000fffa0000)
  from space 192K, 50% used [0x00000000fffd0000,0x00000000fffe8000,0x0000000100000000)
  to   space 192K, 0% used [0x00000000fffa0000,0x00000000fffa0000,0x00000000fffd0000)
 ParOldGen       total 64576K, used 3905K [0x00000000a1600000, 0x00000000a5510000, 0x00000000e0760000)
  object space 64576K, 6% used [0x00000000a1600000,0x00000000a19d0618,0x00000000a5510000)
 PSPermGen       total 21248K, used 8628K [0x000000009c400000, 0x000000009d8c0000, 0x00000000a1600000)
  object space 21248K, 40% used [0x000000009c400000,0x000000009cc6d018,0x000000009d8c0000)
}
Event: 32.179 GC heap before
{Heap before GC invocations=693 (full 325):
 PSYoungGen      total 516544K, used 96K [0x00000000e0760000, 0x0000000100000000, 0x0000000100000000)
  eden space 516352K, 0% used [0x00000000e0760000,0x00000000e0760000,0x00000000fffa0000)
  from space 192K, 50% used [0x00000000fffd0000,0x00000000fffe8000,0x0000000100000000)
  to   space 192K, 0% used [0x00000000fffa0000,0x00000000fffa0000,0x00000000fffd0000)
 ParOldGen       total 64576K, used 3905K [0x00000000a1600000, 0x00000000a5510000, 0x00000000e0760000)
  object space 64576K, 6% used [0x00000000a1600000,0x00000000a19d0618,0x00000000a5510000)
 PSPermGen       total 21248K, used 8628K [0x000000009c400000, 0x000000009d8c0000, 0x00000000a1600000)
  object space 21248K, 40% used [0x000000009c400000,0x000000009cc6d018,0x000000009d8c0000)
Event: 32.193 GC heap after
Heap after GC invocations=693 (full 325):
 PSYoungGen      total 516544K, used 0K [0x00000000e0760000, 0x0000000100000000, 0x0000000100000000)
  eden space 516352K, 0% used [0x00000000e0760000,0x00000000e0760000,0x00000000fffa0000)
  from space 192K, 0% used [0x00000000fffd0000,0x00000000fffd0000,0x0000000100000000)
  to   space 192K, 0% used [0x00000000fffa0000,0x00000000fffa0000,0x00000000fffd0000)
 ParOldGen       total 64576K, used 3925K [0x00000000a1600000, 0x00000000a5510000, 0x00000000e0760000)
  object space 64576K, 6% used [0x00000000a1600000,0x00000000a19d5480,0x00000000a5510000)
 PSPermGen       total 21248K, used 8628K [0x000000009c400000, 0x000000009d8c0000, 0x00000000a1600000)
  object space 21248K, 40% used [0x000000009c400000,0x000000009cc6d018,0x000000009d8c0000)
}
Event: 32.243 GC heap before
{Heap before GC invocations=694 (full 325):
 PSYoungGen      total 516544K, used 36144K [0x00000000e0760000, 0x0000000100000000, 0x0000000100000000)
  eden space 516352K, 7% used [0x00000000e0760000,0x00000000e2aac2c8,0x00000000fffa0000)
  from space 192K, 0% used [0x00000000fffd0000,0x00000000fffd0000,0x0000000100000000)
  to   space 192K, 0% used [0x00000000fffa0000,0x00000000fffa0000,0x00000000fffd0000)
 ParOldGen       total 64576K, used 3925K [0x00000000a1600000, 0x00000000a5510000, 0x00000000e0760000)
  object space 64576K, 6% used [0x00000000a1600000,0x00000000a19d5480,0x00000000a5510000)
 PSPermGen       total 21248K, used 8628K [0x000000009c400000, 0x000000009d8c0000, 0x00000000a1600000)
  object space 21248K, 40% used [0x000000009c400000,0x000000009cc6d018,0x000000009d8c0000)
Event: 32.243 GC heap after
Heap after GC invocations=694 (full 325):
 PSYoungGen      total 516544K, used 96K [0x00000000e0760000, 0x0000000100000000, 0x0000000100000000)
  eden space 516352K, 0% used [0x00000000e0760000,0x00000000e0760000,0x00000000fffa0000)
  from space 192K, 50% used [0x00000000fffa0000,0x00000000fffb8000,0x00000000fffd0000)
  to   space 192K, 0% used [0x00000000fffd0000,0x00000000fffd0000,0x0000000100000000)
 ParOldGen       total 64576K, used 3925K [0x00000000a1600000, 0x00000000a5510000, 0x00000000e0760000)
  object space 64576K, 6% used [0x00000000a1600000,0x00000000a19d5480,0x00000000a5510000)
 PSPermGen       total 21248K, used 8628K [0x000000009c400000, 0x000000009d8c0000, 0x00000000a1600000)
  object space 21248K, 40% used [0x000000009c400000,0x000000009cc6d018,0x000000009d8c0000)
}
Event: 32.338 GC heap before
{Heap before GC invocations=695 (full 325):
 PSYoungGen      total 516544K, used 36240K [0x00000000e0760000, 0x0000000100000000, 0x0000000100000000)
  eden space 516352K, 7% used [0x00000000e0760000,0x00000000e2aac308,0x00000000fffa0000)
  from space 192K, 50% used [0x00000000fffa0000,0x00000000fffb8000,0x00000000fffd0000)
  to   space 192K, 0% used [0x00000000fffd0000,0x00000000fffd0000,0x0000000100000000)
 ParOldGen       total 64576K, used 3925K [0x00000000a1600000, 0x00000000a5510000, 0x00000000e0760000)
  object space 64576K, 6% used [0x00000000a1600000,0x00000000a19d5480,0x00000000a5510000)
 PSPermGen       total 21248K, used 8628K [0x000000009c400000, 0x000000009d8c0000, 0x00000000a1600000)
  object space 21248K, 40% used [0x000000009c400000,0x000000009cc6d018,0x000000009d8c0000)
Event: 32.338 GC heap after
Heap after GC invocations=695 (full 325):
 PSYoungGen      total 516544K, used 160K [0x00000000e0760000, 0x0000000100000000, 0x0000000100000000)
  eden space 516352K, 0% used [0x00000000e0760000,0x00000000e0760000,0x00000000fffa0000)
  from space 192K, 83% used [0x00000000fffd0000,0x00000000ffff8000,0x0000000100000000)
  to   space 192K, 0% used [0x00000000fffa0000,0x00000000fffa0000,0x00000000fffd0000)
 ParOldGen       total 64576K, used 3941K [0x00000000a1600000, 0x00000000a5510000, 0x00000000e0760000)
  object space 64576K, 6% used [0x00000000a1600000,0x00000000a19d9480,0x00000000a5510000)
 PSPermGen       total 21248K, used 8628K [0x000000009c400000, 0x000000009d8c0000, 0x00000000a1600000)
  object space 21248K, 40% used [0x000000009c400000,0x000000009cc6d018,0x000000009d8c0000)
}
Event: 32.338 GC heap before
{Heap before GC invocations=696 (full 326):
 PSYoungGen      total 516544K, used 160K [0x00000000e0760000, 0x0000000100000000, 0x0000000100000000)
  eden space 516352K, 0% used [0x00000000e0760000,0x00000000e0760000,0x00000000fffa0000)
  from space 192K, 83% used [0x00000000fffd0000,0x00000000ffff8000,0x0000000100000000)
  to   space 192K, 0% used [0x00000000fffa0000,0x00000000fffa0000,0x00000000fffd0000)
 ParOldGen       total 64576K, used 3941K [0x00000000a1600000, 0x00000000a5510000, 0x00000000e0760000)
  object space 64576K, 6% used [0x00000000a1600000,0x00000000a19d9480,0x00000000a5510000)
 PSPermGen       total 21248K, used 8628K [0x000000009c400000, 0x000000009d8c0000, 0x00000000a1600000)
  object space 21248K, 40% used [0x000000009c400000,0x000000009cc6d018,0x000000009d8c0000)
Event: 32.352 GC heap after
Heap after GC invocations=696 (full 326):
 PSYoungGen      total 516544K, used 0K [0x00000000e0760000, 0x0000000100000000, 0x0000000100000000)
  eden space 516352K, 0% used [0x00000000e0760000,0x00000000e0760000,0x00000000fffa0000)
  from space 192K, 0% used [0x00000000fffd0000,0x00000000fffd0000,0x0000000100000000)
  to   space 192K, 0% used [0x00000000fffa0000,0x00000000fffa0000,0x00000000fffd0000)
 ParOldGen       total 64576K, used 3925K [0x00000000a1600000, 0x00000000a5510000, 0x00000000e0760000)
  object space 64576K, 6% used [0x00000000a1600000,0x00000000a19d5600,0x00000000a5510000)
 PSPermGen       total 21248K, used 8628K [0x000000009c400000, 0x000000009d8c0000, 0x00000000a1600000)
  object space 21248K, 40% used [0x000000009c400000,0x000000009cc6d018,0x000000009d8c0000)
}

