# JRE version: 7.0_10-b18
# Java VM: Java HotSpot(TM) 64-Bit Server VM (23.6-b04 mixed mode windows-amd64 compressed oops)
Heap
 PSYoungGen      total 516544K, used 25817K [0x00000000e0760000, 0x0000000100000000, 0x0000000100000000)
  eden space 516352K, 4% used [0x00000000e0760000,0x00000000e2096538,0x00000000fffa0000)
  from space 192K, 0% used [0x00000000fffd0000,0x00000000fffd0000,0x0000000100000000)
  to   space 192K, 0% used [0x00000000fffa0000,0x00000000fffa0000,0x00000000fffd0000)
 ParOldGen       total 64576K, used 3916K [0x00000000a1600000, 0x00000000a5510000, 0x00000000e0760000)
  object space 64576K, 6% used [0x00000000a1600000,0x00000000a19d33d0,0x00000000a5510000)
 PSPermGen       total 21248K, used 8643K [0x000000009c400000, 0x000000009d8c0000, 0x00000000a1600000)
  object space 21248K, 40% used [0x000000009c400000,0x000000009cc70e50,0x000000009d8c0000)
GC Heap History (10 events):
Event: 46.281 GC heap before
{Heap before GC invocations=1229 (full 585):
 PSYoungGen      total 516544K, used 64K [0x00000000e0760000, 0x0000000100000000, 0x0000000100000000)
  eden space 516352K, 0% used [0x00000000e0760000,0x00000000e0760000,0x00000000fffa0000)
  from space 192K, 33% used [0x00000000fffd0000,0x00000000fffe0000,0x0000000100000000)
  to   space 192K, 0% used [0x00000000fffa0000,0x00000000fffa0000,0x00000000fffd0000)
 ParOldGen       total 64576K, used 3926K [0x00000000a1600000, 0x00000000a5510000, 0x00000000e0760000)
  object space 64576K, 6% used [0x00000000a1600000,0x00000000a19d5810,0x00000000a5510000)
 PSPermGen       total 21248K, used 8643K [0x000000009c400000, 0x000000009d8c0000, 0x00000000a1600000)
  object space 21248K, 40% used [0x000000009c400000,0x000000009cc70e50,0x000000009d8c0000)
Event: 46.295 GC heap after
Heap after GC invocations=1229 (full 585):
 PSYoungGen      total 516544K, used 0K [0x00000000e0760000, 0x0000000100000000, 0x0000000100000000)
  eden space 516352K, 0% used [0x00000000e0760000,0x00000000e0760000,0x00000000fffa0000)
  from space 192K, 0% used [0x00000000fffd0000,0x00000000fffd0000,0x0000000100000000)
  to   space 192K, 0% used [0x00000000fffa0000,0x00000000fffa0000,0x00000000fffd0000)
 ParOldGen       total 64576K, used 3923K [0x00000000a1600000, 0x00000000a5510000, 0x00000000e0760000)
  object space 64576K, 6% used [0x00000000a1600000,0x00000000a19d4e90,0x00000000a5510000)
 PSPermGen       total 21248K, used 8643K [0x000000009c400000, 0x000000009d8c0000, 0x00000000a1600000)
  object space 21248K, 40% used [0x000000009c400000,0x000000009cc70e50,0x000000009d8c0000)
}
Event: 46.314 GC heap before
{Heap before GC invocations=1230 (full 585):
 PSYoungGen      total 516544K, used 36144K [0x00000000e0760000, 0x0000000100000000, 0x0000000100000000)
  eden space 516352K, 6% used [0x00000000e0760000,0x00000000e2aac148,0x00000000fffa0000)
  from space 192K, 0% used [0x00000000fffd0000,0x00000000fffd0000,0x0000000100000000)
  to   space 192K, 0% used [0x00000000fffa0000,0x00000000fffa0000,0x00000000fffd0000)
 ParOldGen       total 64576K, used 3923K [0x00000000a1600000, 0x00000000a5510000, 0x00000000e0760000)
  object space 64576K, 6% used [0x00000000a1600000,0x00000000a19d4e90,0x00000000a5510000)
 PSPermGen       total 21248K, used 8643K [0x000000009c400000, 0x000000009d8c0000, 0x00000000a1600000)
  object space 21248K, 40% used [0x000000009c400000,0x000000009cc70e50,0x000000009d8c0000)
Event: 46.318 GC heap after
Heap after GC invocations=1230 (full 585):
 PSYoungGen      total 516544K, used 64K [0x00000000e0760000, 0x0000000100000000, 0x0000000100000000)
  eden space 516352K, 0% used [0x00000000e0760000,0x00000000e0760000,0x00000000fffa0000)
  from space 192K, 33% used [0x00000000fffa0000,0x00000000fffb0000,0x00000000fffd0000)
  to   space 192K, 0% used [0x00000000fffd0000,0x00000000fffd0000,0x0000000100000000)
 ParOldGen       total 64576K, used 3923K [0x00000000a1600000, 0x00000000a5510000, 0x00000000e0760000)
  object space 64576K, 6% used [0x00000000a1600000,0x00000000a19d4e90,0x00000000a5510000)
 PSPermGen       total 21248K, used 8643K [0x000000009c400000, 0x000000009d8c0000, 0x00000000a1600000)
  object space 21248K, 40% used [0x000000009c400000,0x000000009cc70e50,0x000000009d8c0000)
}
Event: 46.318 GC heap before
{Heap before GC invocations=1231 (full 586):
 PSYoungGen      total 516544K, used 64K [0x00000000e0760000, 0x0000000100000000, 0x0000000100000000)
  eden space 516352K, 0% used [0x00000000e0760000,0x00000000e0760000,0x00000000fffa0000)
  from space 192K, 33% used [0x00000000fffa0000,0x00000000fffb0000,0x00000000fffd0000)
  to   space 192K, 0% used [0x00000000fffd0000,0x00000000fffd0000,0x0000000100000000)
 ParOldGen       total 64576K, used 3923K [0x00000000a1600000, 0x00000000a5510000, 0x00000000e0760000)
  object space 64576K, 6% used [0x00000000a1600000,0x00000000a19d4e90,0x00000000a5510000)
 PSPermGen       total 21248K, used 8643K [0x000000009c400000, 0x000000009d8c0000, 0x00000000a1600000)
  object space 21248K, 40% used [0x000000009c400000,0x000000009cc70e50,0x000000009d8c0000)
Event: 46.333 GC heap after
Heap after GC invocations=1231 (full 586):
 PSYoungGen      total 516544K, used 0K [0x00000000e0760000, 0x0000000100000000, 0x0000000100000000)
  eden space 516352K, 0% used [0x00000000e0760000,0x00000000e0760000,0x00000000fffa0000)
  from space 192K, 0% used [0x00000000fffa0000,0x00000000fffa0000,0x00000000fffd0000)
  to   space 192K, 0% used [0x00000000fffd0000,0x00000000fffd0000,0x0000000100000000)
 ParOldGen       total 64576K, used 3904K [0x00000000a1600000, 0x00000000a5510000, 0x00000000e0760000)
  object space 64576K, 6% used [0x00000000a1600000,0x00000000a19d01c8,0x00000000a5510000)
 PSPermGen       total 21248K, used 8643K [0x000000009c400000, 0x000000009d8c0000, 0x00000000a1600000)
  object space 21248K, 40% used [0x000000009c400000,0x000000009cc70e50,0x000000009d8c0000)
}
Event: 46.434 GC heap before
{Heap before GC invocations=1232 (full 586):
 PSYoungGen      total 516544K, used 36144K [0x00000000e0760000, 0x0000000100000000, 0x0000000100000000)
  eden space 516352K, 6% used [0x00000000e0760000,0x00000000e2aac160,0x00000000fffa0000)
  from space 192K, 0% used [0x00000000fffa0000,0x00000000fffa0000,0x00000000fffd0000)
  to   space 192K, 0% used [0x00000000fffd0000,0x00000000fffd0000,0x0000000100000000)
 ParOldGen       total 64576K, used 3904K [0x00000000a1600000, 0x00000000a5510000, 0x00000000e0760000)
  object space 64576K, 6% used [0x00000000a1600000,0x00000000a19d01c8,0x00000000a5510000)
 PSPermGen       total 21248K, used 8643K [0x000000009c400000, 0x000000009d8c0000, 0x00000000a1600000)
  object space 21248K, 40% used [0x000000009c400000,0x000000009cc70e50,0x000000009d8c0000)
Event: 46.437 GC heap after
Heap after GC invocations=1232 (full 586):
 PSYoungGen      total 516544K, used 64K [0x00000000e0760000, 0x0000000100000000, 0x0000000100000000)
  eden space 516352K, 0% used [0x00000000e0760000,0x00000000e0760000,0x00000000fffa0000)
  from space 192K, 33% used [0x00000000fffd0000,0x00000000fffe0000,0x0000000100000000)
  to   space 192K, 0% used [0x00000000fffa0000,0x00000000fffa0000,0x00000000fffd0000)
 ParOldGen       total 64576K, used 3904K [0x00000000a1600000, 0x00000000a5510000, 0x00000000e0760000)
  object space 64576K, 6% used [0x00000000a1600000,0x00000000a19d01c8,0x00000000a5510000)
 PSPermGen       total 21248K, used 8643K [0x000000009c400000, 0x000000009d8c0000, 0x00000000a1600000)
  object space 21248K, 40% used [0x000000009c400000,0x000000009cc70e50,0x000000009d8c0000)
}
Event: 46.462 GC heap before
{Heap before GC invocations=1233 (full 586):
 PSYoungGen      total 516544K, used 36208K [0x00000000e0760000, 0x0000000100000000, 0x0000000100000000)
  eden space 516352K, 6% used [0x00000000e0760000,0x00000000e2aac200,0x00000000fffa0000)
  from space 192K, 33% used [0x00000000fffd0000,0x00000000fffe0000,0x0000000100000000)
  to   space 192K, 0% used [0x00000000fffa0000,0x00000000fffa0000,0x00000000fffd0000)
 ParOldGen       total 64576K, used 3904K [0x00000000a1600000, 0x00000000a5510000, 0x00000000e0760000)
  object space 64576K, 6% used [0x00000000a1600000,0x00000000a19d01c8,0x00000000a5510000)
 PSPermGen       total 21248K, used 8643K [0x000000009c400000, 0x000000009d8c0000, 0x00000000a1600000)
  object space 21248K, 40% used [0x000000009c400000,0x000000009cc70e50,0x000000009d8c0000)
Event: 46.462 GC heap after
Heap after GC invocations=1233 (full 586):
 PSYoungGen      total 516544K, used 96K [0x00000000e0760000, 0x0000000100000000, 0x0000000100000000)
  eden space 516352K, 0% used [0x00000000e0760000,0x00000000e0760000,0x00000000fffa0000)
  from space 192K, 50% used [0x00000000fffa0000,0x00000000fffb8000,0x00000000fffd0000)
  to   space 192K, 0% used [0x00000000fffd0000,0x00000000fffd0000,0x0000000100000000)
 ParOldGen       total 64576K, used 3920K [0x00000000a1600000, 0x00000000a5510000, 0x00000000e0760000)
  object space 64576K, 6% used [0x00000000a1600000,0x00000000a19d41c8,0x00000000a5510000)
 PSPermGen       total 21248K, used 8643K [0x000000009c400000, 0x000000009d8c0000, 0x00000000a1600000)
  object space 21248K, 40% used [0x000000009c400000,0x000000009cc70e50,0x000000009d8c0000)
}

