# JRE version: 7.0_10-b18
# Java VM: Java HotSpot(TM) 64-Bit Server VM (23.6-b04 mixed mode windows-amd64 compressed oops)
Heap
 PSYoungGen      total 342464K, used 96K [0x00000000eb160000, 0x0000000100000000, 0x0000000100000000)
  eden space 342272K, 0% used [0x00000000eb160000,0x00000000eb160000,0x00000000fffa0000)
  from space 192K, 50% used [0x00000000fffa0000,0x00000000fffb8000,0x00000000fffd0000)
  to   space 192K, 0% used [0x00000000fffd0000,0x00000000fffd0000,0x0000000100000000)
 ParOldGen       total 42816K, used 5047K [0x00000000c1400000, 0x00000000c3dd0000, 0x00000000eb160000)
  object space 42816K, 11% used [0x00000000c1400000,0x00000000c18edde0,0x00000000c3dd0000)
 PSPermGen       total 21248K, used 8919K [0x00000000bc200000, 0x00000000bd6c0000, 0x00000000c1400000)
  object space 21248K, 41% used [0x00000000bc200000,0x00000000bcab5f90,0x00000000bd6c0000)
GC Heap History (10 events):
Event: 73.745 GC heap before
{Heap before GC invocations=1743 (full 859):
 PSYoungGen      total 342336K, used 31933K [0x00000000eb160000, 0x00000000fffe0000, 0x0000000100000000)
  eden space 342144K, 9% used [0x00000000eb160000,0x00000000ed08f6e0,0x00000000fff80000)
  from space 192K, 0% used [0x00000000fff80000,0x00000000fff80000,0x00000000fffb0000)
  to   space 192K, 0% used [0x00000000fffb0000,0x00000000fffb0000,0x00000000fffe0000)
 ParOldGen       total 42816K, used 5043K [0x00000000c1400000, 0x00000000c3dd0000, 0x00000000eb160000)
  object space 42816K, 11% used [0x00000000c1400000,0x00000000c18ecdb0,0x00000000c3dd0000)
 PSPermGen       total 21248K, used 8919K [0x00000000bc200000, 0x00000000bd6c0000, 0x00000000c1400000)
  object space 21248K, 41% used [0x00000000bc200000,0x00000000bcab5f90,0x00000000bd6c0000)
Event: 73.746 GC heap after
Heap after GC invocations=1743 (full 859):
 PSYoungGen      total 342336K, used 160K [0x00000000eb160000, 0x00000000fffe0000, 0x0000000100000000)
  eden space 342144K, 0% used [0x00000000eb160000,0x00000000eb160000,0x00000000fff80000)
  from space 192K, 83% used [0x00000000fffb0000,0x00000000fffd8000,0x00000000fffe0000)
  to   space 192K, 0% used [0x00000000fff80000,0x00000000fff80000,0x00000000fffb0000)
 ParOldGen       total 42816K, used 5043K [0x00000000c1400000, 0x00000000c3dd0000, 0x00000000eb160000)
  object space 42816K, 11% used [0x00000000c1400000,0x00000000c18ecdb0,0x00000000c3dd0000)
 PSPermGen       total 21248K, used 8919K [0x00000000bc200000, 0x00000000bd6c0000, 0x00000000c1400000)
  object space 21248K, 41% used [0x00000000bc200000,0x00000000bcab5f90,0x00000000bd6c0000)
}
Event: 73.746 GC heap before
{Heap before GC invocations=1744 (full 860):
 PSYoungGen      total 342336K, used 160K [0x00000000eb160000, 0x00000000fffe0000, 0x0000000100000000)
  eden space 342144K, 0% used [0x00000000eb160000,0x00000000eb160000,0x00000000fff80000)
  from space 192K, 83% used [0x00000000fffb0000,0x00000000fffd8000,0x00000000fffe0000)
  to   space 192K, 0% used [0x00000000fff80000,0x00000000fff80000,0x00000000fffb0000)
 ParOldGen       total 42816K, used 5043K [0x00000000c1400000, 0x00000000c3dd0000, 0x00000000eb160000)
  object space 42816K, 11% used [0x00000000c1400000,0x00000000c18ecdb0,0x00000000c3dd0000)
 PSPermGen       total 21248K, used 8919K [0x00000000bc200000, 0x00000000bd6c0000, 0x00000000c1400000)
  object space 21248K, 41% used [0x00000000bc200000,0x00000000bcab5f90,0x00000000bd6c0000)
Event: 73.765 GC heap after
Heap after GC invocations=1744 (full 860):
 PSYoungGen      total 342336K, used 0K [0x00000000eb160000, 0x00000000fffe0000, 0x0000000100000000)
  eden space 342144K, 0% used [0x00000000eb160000,0x00000000eb160000,0x00000000fff80000)
  from space 192K, 0% used [0x00000000fffb0000,0x00000000fffb0000,0x00000000fffe0000)
  to   space 192K, 0% used [0x00000000fff80000,0x00000000fff80000,0x00000000fffb0000)
 ParOldGen       total 42816K, used 5049K [0x00000000c1400000, 0x00000000c3dd0000, 0x00000000eb160000)
  object space 42816K, 11% used [0x00000000c1400000,0x00000000c18ee6e0,0x00000000c3dd0000)
 PSPermGen       total 21248K, used 8919K [0x00000000bc200000, 0x00000000bd6c0000, 0x00000000c1400000)
  object space 21248K, 41% used [0x00000000bc200000,0x00000000bcab5f90,0x00000000bd6c0000)
}
Event: 73.810 GC heap before
{Heap before GC invocations=1745 (full 860):
 PSYoungGen      total 342336K, used 27045K [0x00000000eb160000, 0x00000000fffe0000, 0x0000000100000000)
  eden space 342144K, 7% used [0x00000000eb160000,0x00000000ecbc9790,0x00000000fff80000)
  from space 192K, 0% used [0x00000000fffb0000,0x00000000fffb0000,0x00000000fffe0000)
  to   space 192K, 0% used [0x00000000fff80000,0x00000000fff80000,0x00000000fffb0000)
 ParOldGen       total 42816K, used 5049K [0x00000000c1400000, 0x00000000c3dd0000, 0x00000000eb160000)
  object space 42816K, 11% used [0x00000000c1400000,0x00000000c18ee6e0,0x00000000c3dd0000)
 PSPermGen       total 21248K, used 8919K [0x00000000bc200000, 0x00000000bd6c0000, 0x00000000c1400000)
  object space 21248K, 41% used [0x00000000bc200000,0x00000000bcab5f90,0x00000000bd6c0000)
Event: 73.812 GC heap after
Heap after GC invocations=1745 (full 860):
 PSYoungGen      total 342336K, used 96K [0x00000000eb160000, 0x0000000100000000, 0x0000000100000000)
  eden space 342144K, 0% used [0x00000000eb160000,0x00000000eb160000,0x00000000fff80000)
  from space 192K, 50% used [0x00000000fff80000,0x00000000fff98000,0x00000000fffb0000)
  to   space 192K, 0% used [0x00000000fffd0000,0x00000000fffd0000,0x0000000100000000)
 ParOldGen       total 42816K, used 5049K [0x00000000c1400000, 0x00000000c3dd0000, 0x00000000eb160000)
  object space 42816K, 11% used [0x00000000c1400000,0x00000000c18ee6e0,0x00000000c3dd0000)
 PSPermGen       total 21248K, used 8919K [0x00000000bc200000, 0x00000000bd6c0000, 0x00000000c1400000)
  object space 21248K, 41% used [0x00000000bc200000,0x00000000bcab5f90,0x00000000bd6c0000)
}
Event: 73.886 GC heap before
{Heap before GC invocations=1746 (full 860):
 PSYoungGen      total 342336K, used 32301K [0x00000000eb160000, 0x0000000100000000, 0x0000000100000000)
  eden space 342144K, 9% used [0x00000000eb160000,0x00000000ed0d35c8,0x00000000fff80000)
  from space 192K, 50% used [0x00000000fff80000,0x00000000fff98000,0x00000000fffb0000)
  to   space 192K, 0% used [0x00000000fffd0000,0x00000000fffd0000,0x0000000100000000)
 ParOldGen       total 42816K, used 5049K [0x00000000c1400000, 0x00000000c3dd0000, 0x00000000eb160000)
  object space 42816K, 11% used [0x00000000c1400000,0x00000000c18ee6e0,0x00000000c3dd0000)
 PSPermGen       total 21248K, used 8919K [0x00000000bc200000, 0x00000000bd6c0000, 0x00000000c1400000)
  object space 21248K, 41% used [0x00000000bc200000,0x00000000bcab5f90,0x00000000bd6c0000)
Event: 73.887 GC heap after
Heap after GC invocations=1746 (full 860):
 PSYoungGen      total 342464K, used 96K [0x00000000eb160000, 0x0000000100000000, 0x0000000100000000)
  eden space 342272K, 0% used [0x00000000eb160000,0x00000000eb160000,0x00000000fffa0000)
  from space 192K, 50% used [0x00000000fffd0000,0x00000000fffe8000,0x0000000100000000)
  to   space 192K, 0% used [0x00000000fffa0000,0x00000000fffa0000,0x00000000fffd0000)
 ParOldGen       total 42816K, used 5065K [0x00000000c1400000, 0x00000000c3dd0000, 0x00000000eb160000)
  object space 42816K, 11% used [0x00000000c1400000,0x00000000c18f26e0,0x00000000c3dd0000)
 PSPermGen       total 21248K, used 8919K [0x00000000bc200000, 0x00000000bd6c0000, 0x00000000c1400000)
  object space 21248K, 41% used [0x00000000bc200000,0x00000000bcab5f90,0x00000000bd6c0000)
}
Event: 73.888 GC heap before
{Heap before GC invocations=1747 (full 861):
 PSYoungGen      total 342464K, used 96K [0x00000000eb160000, 0x0000000100000000, 0x0000000100000000)
  eden space 342272K, 0% used [0x00000000eb160000,0x00000000eb160000,0x00000000fffa0000)
  from space 192K, 50% used [0x00000000fffd0000,0x00000000fffe8000,0x0000000100000000)
  to   space 192K, 0% used [0x00000000fffa0000,0x00000000fffa0000,0x00000000fffd0000)
 ParOldGen       total 42816K, used 5065K [0x00000000c1400000, 0x00000000c3dd0000, 0x00000000eb160000)
  object space 42816K, 11% used [0x00000000c1400000,0x00000000c18f26e0,0x00000000c3dd0000)
 PSPermGen       total 21248K, used 8919K [0x00000000bc200000, 0x00000000bd6c0000, 0x00000000c1400000)
  object space 21248K, 41% used [0x00000000bc200000,0x00000000bcab5f90,0x00000000bd6c0000)
Event: 73.909 GC heap after
Heap after GC invocations=1747 (full 861):
 PSYoungGen      total 342464K, used 0K [0x00000000eb160000, 0x0000000100000000, 0x0000000100000000)
  eden space 342272K, 0% used [0x00000000eb160000,0x00000000eb160000,0x00000000fffa0000)
  from space 192K, 0% used [0x00000000fffd0000,0x00000000fffd0000,0x0000000100000000)
  to   space 192K, 0% used [0x00000000fffa0000,0x00000000fffa0000,0x00000000fffd0000)
 ParOldGen       total 42816K, used 5047K [0x00000000c1400000, 0x00000000c3dd0000, 0x00000000eb160000)
  object space 42816K, 11% used [0x00000000c1400000,0x00000000c18edde0,0x00000000c3dd0000)
 PSPermGen       total 21248K, used 8919K [0x00000000bc200000, 0x00000000bd6c0000, 0x00000000c1400000)
  object space 21248K, 41% used [0x00000000bc200000,0x00000000bcab5f90,0x00000000bd6c0000)
}

